<?xml version="1.0" encoding="UTF-8"?>
<!-- Generated by org.testng.reporters.JUnitReportReporter -->
<testsuite hostname="HISPLs-Mac-mini.local" failures="0" tests="4" name="api.test.UserTest" time="7.677" errors="0" timestamp="2024-06-29T16:34:15 IST" skipped="0">
  <testcase classname="api.test.UserTest" name="testPostUser" time="4.100"/>
  <system-out/>
  <testcase classname="api.test.UserTest" name="testreadUser" time="1.196"/>
  <system-out/>
  <testcase classname="api.test.UserTest" name="updateUser" time="1.173"/>
  <system-out/>
  <testcase classname="api.test.UserTest" name="deleteUser" time="1.208"/>
  <system-out/>
</testsuite> <!-- api.test.UserTest -->
