<?xml version="1.0" encoding="UTF-8"?>
<!-- Generated by org.testng.reporters.JUnitReportReporter -->
<testsuite hostname="HISPLs-Mac-mini.local" failures="0" tests="4" name="api.test.UserTest2" time="5.895" errors="0" timestamp="2024-06-29T16:34:15 IST" skipped="0">
  <testcase classname="api.test.UserTest2" name="testPostUser" time="1.164"/>
  <system-out/>
  <testcase classname="api.test.UserTest2" name="testGetUserByName" time="1.183"/>
  <system-out/>
  <testcase classname="api.test.UserTest2" name="testUpdateUserByName" time="2.379"/>
  <system-out/>
  <testcase classname="api.test.UserTest2" name="testDeleteUserByName" time="1.169"/>
  <system-out/>
</testsuite> <!-- api.test.UserTest2 -->
