<?xml version="1.0" encoding="UTF-8"?>
<!-- Generated by org.testng.reporters.JUnitReportReporter -->
<testsuite hostname="VIVEK" failures="0" tests="6" name="api.test.DDTest" time="9.835" errors="0" timestamp="2023-09-20T17:51:36 IST" skipped="0">
  <testcase classname="api.test.DDTest" name="testPostuser" time="1.641"/>
  <system-out/>
  <testcase classname="api.test.DDTest" name="testPostuser" time="1.605"/>
  <system-out/>
  <testcase classname="api.test.DDTest" name="testPostuser" time="1.584"/>
  <system-out/>
  <testcase classname="api.test.DDTest" name="testDeleteUserByName" time="1.597"/>
  <system-out/>
  <testcase classname="api.test.DDTest" name="testDeleteUserByName" time="1.653"/>
  <system-out/>
  <testcase classname="api.test.DDTest" name="testDeleteUserByName" time="1.755"/>
  <system-out/>
</testsuite> <!-- api.test.DDTest -->
