<?xml version="1.0" encoding="UTF-8"?>
<!-- Generated by org.testng.reporters.JUnitReportReporter -->
<testsuite hostname="HISPLs-Mac-mini.local" failures="0" tests="6" name="api.test.DDTest" time="7.088" errors="0" timestamp="2024-06-29T16:34:15 IST" skipped="0">
  <testcase classname="api.test.DDTest" name="testPostuser" time="1.182"/>
  <system-out/>
  <testcase classname="api.test.DDTest" name="testPostuser" time="1.201"/>
  <system-out/>
  <testcase classname="api.test.DDTest" name="testPostuser" time="1.167"/>
  <system-out/>
  <testcase classname="api.test.DDTest" name="testDeleteUserByName" time="1.188"/>
  <system-out/>
  <testcase classname="api.test.DDTest" name="testDeleteUserByName" time="1.195"/>
  <system-out/>
  <testcase classname="api.test.DDTest" name="testDeleteUserByName" time="1.155"/>
  <system-out/>
</testsuite> <!-- api.test.DDTest -->
