<?xml version="1.0" encoding="UTF-8"?>
<!-- Generated by org.testng.reporters.JUnitReportReporter -->
<testsuite hostname="VIVEK" failures="0" tests="1" name="api.utilities.ExtentReport" time="0.292" errors="0" timestamp="2023-09-20T17:51:36 IST" skipped="0">
  <testcase classname="api.utilities.ExtentReport" name="onStart" time="0.292"/>
  <system-out/>
</testsuite> <!-- api.utilities.ExtentReport -->
