<?xml version="1.0" encoding="UTF-8"?>
<!-- Generated by org.testng.reporters.JUnitReportReporter -->
<testsuite hostname="VIVEK" failures="0" tests="4" name="api.test.UserTest2" time="8.397" errors="0" timestamp="2023-09-20T17:51:36 IST" skipped="0">
  <testcase classname="api.test.UserTest2" name="testPostUser" time="1.836"/>
  <system-out/>
  <testcase classname="api.test.UserTest2" name="testGetUserByName" time="1.591"/>
  <system-out/>
  <testcase classname="api.test.UserTest2" name="testUpdateUserByName" time="3.195"/>
  <system-out/>
  <testcase classname="api.test.UserTest2" name="testDeleteUserByName" time="1.775"/>
  <system-out/>
</testsuite> <!-- api.test.UserTest2 -->
