<?xml version="1.0" encoding="UTF-8"?>
<!-- Generated by org.testng.reporters.JUnitReportReporter -->
<testsuite hostname="VIVEK" failures="0" tests="4" name="api.test.UserTest" time="9.858" errors="0" timestamp="2023-09-20T17:51:36 IST" skipped="0">
  <testcase classname="api.test.UserTest" name="testPostUser" time="4.522"/>
  <system-out/>
  <testcase classname="api.test.UserTest" name="testreadUser" time="1.683"/>
  <system-out/>
  <testcase classname="api.test.UserTest" name="updateUser" time="2.057"/>
  <system-out/>
  <testcase classname="api.test.UserTest" name="deleteUser" time="1.596"/>
  <system-out/>
</testsuite> <!-- api.test.UserTest -->
