<?xml version="1.0" encoding="UTF-8"?>
<!-- Generated by org.testng.reporters.JUnitReportReporter -->
<testsuite hostname="HISPLs-Mac-mini.local" failures="0" tests="1" name="api.utilities.ExtentReport" time="0.075" errors="0" timestamp="2024-06-29T13:30:39 IST" skipped="0">
  <testcase classname="api.utilities.ExtentReport" name="onStart" time="0.075"/>
  <system-out/>
</testsuite> <!-- api.utilities.ExtentReport -->
